c2sp1s1	2
c2sp1s2	2
c2sp1s3	2
c2sp1s4	3
c2sp1s5	3
c2sp1s6	3
c2sp1s7	3
c2sp1s8	3
c2sp1s9	3
c2sp1s10	3
c2sp1s11	3
c2sp1s12	3
c2sp1s13	2
c2sp1s14	3
c2sp1s15	3
c2sp1s16	3
c2sp1s17	3
c2sp1s18	3
c2sp1s19	3
c2sp1s20	3
c2sp1s21	3
c2sp1s22	3
c2sp1s23	3
c2sp1s24	2
c2sp1s25	3
c2sp1s26	3
c2sp1s27	3
c2sp1s28	3
c2sp1s29	3
c2sp1s30	3
c2sp1s31	3
c2sp1s32	3
c2sp1s33	3
c2sp1s34	3
c2sp1s35	2
c2sp1s36	3
c2sp1s37	3
c2sp1s38	3
c2sp1s39	3
c2sp1s40	3
c2sp1s41	3
c2sp1s42	3
c2sp1s43	3
c2sp1s44	3
c2sp1s45	3
c2sp1s46	2
c2sp1s47	3
c2sp1s48	3
c2sp1s49	3
c2sp1s50	3
c2sp1s51	3
c2sp1s52	3
c2sp1s53	3
c2sp1s54	3
c2sp1s55	3
c2sp1s56	3
c2sp1s57	2
c2sp1s58	3
c2sp1s59	3
c2sp1s60	3
c2sp1s61	3
c2sp1s62	3
c2sp1s63	3
c2sp1s64	3
c2sp1s65	3
c2sp1s66	3
c2sp1s67	3
c2sp1s68	2
c2sp1s69	3
c2sp1s70	3
c2sp1s71	3
c2sp1s72	3
c2sp1s73	3
c2sp1s74	3
c2sp1s75	3
c2sp1s76	3
c2sp1s77	3
c2sp1s78	3
c2sp1s79	2
c2sp1s80	3
c2sp1s81	3
c2sp1s82	3
c2sp1s83	0
c2sp1s84	0
c2sp1s85	0
c2sp1s86	0
c2sp1s87	0
c2sp1s88	0
c2sp1s89	0
c2sp1s90	2
c2sp1s91	0
c2sp1s92	0
c2sp1s93	0
c2sp1s94	0
c2sp1s95	0
c2sp1s96	0
c2sp1s97	0
c2sp1s98	0
c2sp1s99	0
c2sp1s100	0
c2sp1s101	2
c2sp1s102	0
c2sp1s103	0
c2sp1s104	0
c2sp1s105	0
c2sp1s106	0
c2sp1s107	0
c2sp1s108	0
c2sp1s109	0
c2sp1s110	0
c2sp1s111	0
c2sp1s112	2
c2sp1s113	2
c2sp1s114	0
c2sp1s115	0
c2sp1s116	0
c2sp1s117	0
c2sp1s118	0
c2sp1s119	0
c2sp1s120	0
c2sp1s121	0
c2sp1s122	0
c2sp1s123	0
c2sp1s124	2
c2sp1s125	0
c2sp1s126	0
c2sp1s127	0
c2sp1s128	0
c2sp1s129	0
c2sp1s130	0
c2sp1s131	0
c2sp1s132	0
c2sp1s133	0
c2sp1s134	0
c2sp1s135	2
c2sp1s136	0
c2sp1s137	0
c2sp1s138	0
c2sp1s139	0
c2sp1s140	0
c2sp1s141	0
c2sp1s142	0
c2sp1s143	0
c2sp1s144	0
c2sp1s145	0
c2sp1s146	2
c2sp1s147	0
c2sp1s148	0
c2sp1s149	0
c2sp1s150	0
c2sp1s151	0
c2sp1s152	0
c2sp1s153	0
c2sp1s154	0
c2sp1s155	0
c2sp1s156	0
c2sp1s157	2
c2sp1s158	0
c2sp1s159	0
c2sp1s160	0
c2sp1s161	0
c2sp1s162	0
c2sp1s163	0
c2sp1s164	0
c2sp1s165	0
c2sp1s166	0
c2sp1s167	0
c2sp1s168	2
c2sp1s169	0
c2sp1s170	0
c2sp1s171	0
c2sp1s172	0
c2sp1s173	0
c2sp1s174	0
c2sp1s175	0
c2sp1s176	0
c2sp1s177	0
c2sp1s178	0
c2sp1s179	2
c2sp1s180	0
c2sp1s181	0
c2sp1s182	1
c2sp1s183	1
c2sp1s184	1
c2sp1s185	1
c2sp1s186	1
c2sp1s187	1
c2sp1s188	1
c2sp1s189	1
c2sp1s190	2
c2sp1s191	1
c2sp1s192	1
c2sp1s193	1
c2sp1s194	1
c2sp1s195	1
c2sp1s196	1
c2sp1s197	1
c2sp1s198	1
c2sp1s199	1
c2sp1s200	1
c2sp1s201	2
c2sp1s202	1
c2sp1s203	1
c2sp1s204	1
c2sp1s205	1
c2sp1s206	1
c2sp1s207	1
c2sp1s208	1
c2sp1s209	1
c2sp1s210	1
c2sp1s211	1
c2sp1s212	2
c2sp1s213	1
c2sp1s214	1
c2sp1s215	1
c2sp1s216	1
c2sp1s217	1
c2sp1s218	1
c2sp1s219	1
c2sp1s220	1
c2sp1s221	1
c2sp1s222	1
c2sp1s223	2
c2sp1s224	2
c2sp1s225	1
c2sp1s226	1
c2sp1s227	1
c2sp1s228	1
c2sp1s229	1
c2sp1s230	1
c2sp1s231	1
c2sp1s232	1
c2sp1s233	1
c2sp1s234	1
c2sp1s235	2
c2sp1s236	1
c2sp1s237	1
c2sp1s238	1
c2sp1s239	1
c2sp1s240	1
c2sp1s241	1
c2sp1s242	1
c2sp1s243	1
c2sp1s244	1
c2sp1s245	1
c2sp1s246	2
c2sp1s247	1
c2sp1s248	1
c2sp1s249	1
c2sp1s250	1
c2sp1s251	1
c2sp1s252	1
c2sp1s253	1
c2sp1s254	1
c2sp1s255	1
c2sp1s256	1
c2sp1s257	2
c2sp1s258	1
c2sp1s259	1
c2sp1s260	1
c2sp1s261	1
c2sp1s262	1
c2sp1s263	1
c2sp1s264	1
c2sp1s265	1
c2sp1s266	1
c2sp1s267	1
c2sp1s268	2
c2sp1s269	1
c2sp1s270	1
c2sp1s271	1
c2sp1s272	2
c2sp1s273	2
c2sp1s274	2
c2sp1s275	2
c2sp1s276	2
c2sp1s277	2
c2sp1s278	2
c2sp1s279	2
c2sp1s280	2
c2sp1s281	2
c2sp1s282	2
c2sp1s283	2
c2sp1s284	2
c2sp1s285	2
c2sp1s286	2
c2sp1s287	2
c2sp1s288	2
c2sp1s289	2
c2sp1s290	2
c2sp1s291	2
c2sp1s292	2
c2sp1s293	2
c2sp1s294	2
c2sp1s295	2
c2sp1s296	2
c2sp1s297	2
c2sp1s298	2
c2sp1s299	2
c2sp1s300	2
c2sp1s301	2
c2sp1s302	2
c2sp1s303	2
c2sp1s304	2
c2sp1s305	2
c2sp1s306	2
c2sp1s307	2
c2sp1s308	2
c2sp1s309	2
c2sp1s310	2
c2sp1s311	2
c2sp1s312	2
c2sp1s313	2
c2sp1s314	2
c2sp1s315	2
c2sp1s316	2
c2sp1s317	2
c2sp1s318	2
c2sp1s319	2
c2sp1s320	2
c2sp1s321	2
c2sp1s322	2
c2sp1s323	2
c2sp1s324	2
c2sp1s325	2
c2sp1s326	2
c2sp1s327	2
c2sp1s328	2
c2sp1s329	2
c2sp1s330	2
c2sp1s331	2
c2sp1s332	2
c2sp1s333	2
c2sp1s334	2
c2sp1s335	2
c2sp1s336	2
c2sp1s337	2
c2sp1s338	2
c2sp1s339	2
c2sp1s340	2
c2sp1s341	2
c2sp1s342	2
c2sp1s343	2
c2sp1s344	2
c2sp1s345	2
c2sp1s346	2
c2sp1s347	2
c2sp1s348	2
c2sp1s349	2
c2sp1s350	2
c2sp1s351	2
c2sp1s352	2
c2sp1s353	2
c2sp1s354	2
c2sp1s355	2
c2sp1s356	2
c2sp1s357	2
c2sp1s358	2
c2sp1s359	2
c2sp1s360	2
c2sp1s361	2
c2sp1s362	2
c2sp1s363	2
c2sp1s364	3
c2sp1s365	3
c2sp1s366	3
c2sp1s367	3
c2sp1s368	2
c2sp1s369	3
c2sp1s370	3
c2sp1s371	3
c2sp1s372	3
c2sp1s373	3
c2sp1s374	3
c2sp1s375	3
c2sp1s376	3
c2sp1s377	3
c2sp1s378	3
c2sp1s379	2
c2sp1s380	3
c2sp1s381	3
c2sp1s382	3
c2sp1s383	3
c2sp1s384	3
c2sp1s385	3
c2sp1s386	3
c2sp1s387	3
c2sp1s388	3
c2sp1s389	3
c2sp1s390	2
c2sp1s391	3
c2sp1s392	3
c2sp1s393	3
c2sp1s394	3
c2sp1s395	3
c2sp1s396	3
c2sp1s397	3
c2sp1s398	3
c2sp1s399	3
c2sp1s400	3
c2sp1s401	2
c2sp1s402	3
c2sp1s403	3
c2sp1s404	3
c2sp1s405	3
c2sp1s406	3
c2sp1s407	3
c2sp1s408	3
c2sp1s409	3
c2sp1s410	3
c2sp1s411	3
c2sp1s412	2
c2sp1s413	3
c2sp1s414	3
c2sp1s415	3
c2sp1s416	3
c2sp1s417	3
c2sp1s418	3
c2sp1s419	3
c2sp1s420	3
c2sp1s421	3
c2sp1s422	3
c2sp1s423	2
c2sp1s424	3
c2sp1s425	3
c2sp1s426	3
c2sp1s427	3
c2sp1s428	3
c2sp1s429	3
c2sp1s430	3
c2sp1s431	3
c2sp1s432	3
c2sp1s433	3
c2sp1s434	2
c2sp1s435	3
c2sp1s436	3
c2sp1s437	3
c2sp1s438	3
c2sp1s439	3
c2sp1s440	3
c2sp1s441	3
c2sp1s442	3
c2sp1s443	3
c2sp1s444	3
c2sp1s445	2
c2sp1s446	2
c2sp1s447	3
c2sp1s448	2
c2sp1s449	2
c2sp1s450	2
c2sp1s451	2
c2sp1s452	2
c2sp1s453	2
c2sp1s454	2
c2sp1s455	2
c2sp1s456	2
c2sp1s457	2
c2sp1s458	2
c2sp1s459	2
c2sp1s460	2
c2sp1s461	2
c2sp1s462	2
c2sp1s463	2
c2sp1s464	2
c2sp1s465	2
c2sp1s466	2
c2sp1s467	2
c2sp1s468	2
c2sp1s469	2
c2sp1s470	2
c2sp1s471	2
c2sp1s472	2
c2sp1s473	2
c2sp1s474	2
c2sp1s475	2
c2sp1s476	2
c2sp1s477	2
c2sp1s478	2
c2sp1s479	2
c2sp1s480	2
c2sp1s481	2
c2sp1s482	2
c2sp1s483	2
c2sp1s484	2
c2sp1s485	2
c2sp1s486	2
c2sp1s487	2
c2sp1s488	2
c2sp1s489	2
c2sp1s490	2
c2sp1s491	2
c2sp1s492	2
c2sp1s493	2
c2sp1s494	2
c2sp1s495	2
c2sp1s496	2
c2sp1s497	2
c2sp1s498	2
c2sp1s499	2
c2sp1s500	2
c2sp2s501	1
c2sp2s502	0
c2sp2s503	0
c2sp2s504	0
c2sp2s505	0
c2sp2s506	0
c2sp2s507	0
c2sp2s508	0
c2sp2s509	0
c2sp2s510	0
c2sp2s511	0
c2sp2s512	0
c2sp2s513	0
c2sp2s514	0
c2sp2s515	0
c2sp2s516	0
c2sp2s517	0
c2sp2s518	0
c2sp2s519	0
c2sp2s520	0
c2sp2s521	0
c2sp2s522	0
c2sp2s523	0
c2sp2s524	0
c2sp2s525	0
c2sp2s526	0
c2sp2s527	0
c2sp2s528	0
c2sp2s529	0
c2sp2s530	0
c2sp2s531	0
c2sp2s532	0
c2sp2s533	0
c2sp2s534	0
c2sp2s535	0
c2sp2s536	0
c2sp2s537	0
c2sp2s538	0
c2sp2s539	0
c2sp2s540	0
c2sp2s541	0
c2sp2s542	0
c2sp2s543	0
c2sp2s544	0
c2sp2s545	0
c2sp2s546	0
c2sp2s547	0
c2sp2s548	0
c2sp2s549	0
c2sp2s550	0
c2sp2s551	0
c2sp2s552	0
c2sp2s553	0
c2sp2s554	0
c2sp2s555	0
c2sp2s556	0
c2sp2s557	0
c2sp2s558	0
c2sp2s559	0
c2sp2s560	0
c2sp2s561	0
c2sp2s562	0
c2sp2s563	0
c2sp2s564	0
c2sp2s565	0
c2sp2s566	0
c2sp2s567	0
c2sp2s568	0
c2sp2s569	0
c2sp2s570	0
c2sp2s571	0
c2sp2s572	0
c2sp2s573	0
c2sp2s574	0
c2sp2s575	0
c2sp2s576	0
c2sp2s577	0
c2sp2s578	0
c2sp2s579	0
c2sp2s580	0
c2sp2s581	0
c2sp2s582	0
c2sp2s583	0
c2sp2s584	0
c2sp2s585	0
c2sp2s586	0
c2sp2s587	0
c2sp2s588	0
c2sp2s589	0
c2sp2s590	0
c2sp2s591	0
c2sp2s592	0
c2sp2s593	0
c2sp2s594	0
c2sp2s595	0
c2sp2s596	0
c2sp2s597	0
c2sp2s598	0
c2sp2s599	0
c2sp2s600	0
c2sp2s601	0
c2sp2s602	1
c2sp2s603	1
c2sp2s604	1
c2sp2s605	1
c2sp2s606	1
c2sp2s607	1
c2sp2s608	1
c2sp2s609	1
c2sp2s610	1
c2sp2s611	1
c2sp2s612	1
c2sp2s613	1
c2sp2s614	1
c2sp2s615	1
c2sp2s616	1
c2sp2s617	1
c2sp2s618	1
c2sp2s619	1
c2sp2s620	1
c2sp2s621	1
c2sp2s622	1
c2sp2s623	1
c2sp2s624	1
c2sp2s625	1
c2sp2s626	1
c2sp2s627	1
c2sp2s628	1
c2sp2s629	1
c2sp2s630	1
c2sp2s631	1
c2sp2s632	1
c2sp2s633	1
c2sp2s634	1
c2sp2s635	1
c2sp2s636	1
c2sp2s637	1
c2sp2s638	1
c2sp2s639	1
c2sp2s640	1
c2sp2s641	1
c2sp2s642	1
c2sp2s643	1
c2sp2s644	1
c2sp2s645	1
c2sp2s646	1
c2sp2s647	1
c2sp2s648	1
c2sp2s649	1
c2sp2s650	1
c2sp2s651	1
c2sp2s652	1
c2sp2s653	1
c2sp2s654	1
c2sp2s655	1
c2sp2s656	1
c2sp2s657	1
c2sp2s658	1
c2sp2s659	1
c2sp2s660	1
c2sp2s661	1
c2sp2s662	1
c2sp2s663	1
c2sp2s664	1
c2sp2s665	1
c2sp2s666	1
c2sp2s667	1
c2sp2s668	1
c2sp2s669	1
c2sp2s670	1
c2sp2s671	1
c2sp2s672	1
c2sp2s673	1
c2sp2s674	2
c2sp2s675	2
c2sp2s676	2
c2sp2s677	2
c2sp2s678	2
c2sp2s679	2
c2sp2s680	2
c2sp2s681	2
c2sp2s682	2
c2sp2s683	2
c2sp2s684	2
c2sp2s685	2
c2sp2s686	2
c2sp2s687	2
c2sp2s688	2
c2sp2s689	2
c2sp2s690	2
c2sp2s691	2
c2sp2s692	2
c2sp2s693	2
c2sp2s694	2
c2sp2s695	2
c2sp2s696	2
c2sp2s697	2
c2sp2s698	2
c2sp2s699	2
c2sp2s700	2
c2sp2s701	2
c2sp2s702	2
c2sp2s703	2
c2sp2s704	2
c2sp2s705	2
c2sp2s706	2
c2sp2s707	2
c2sp2s708	2
c2sp2s709	2
c2sp2s710	2
c2sp2s711	2
c2sp2s712	2
c2sp2s713	2
c2sp2s714	2
c2sp2s715	2
c2sp2s716	2
c2sp2s717	2
c2sp2s718	2
c2sp2s719	2
c2sp2s720	2
c2sp2s721	2
c2sp2s722	2
c2sp2s723	2
c2sp2s724	2
c2sp2s725	2
c2sp2s726	2
c2sp2s727	2
c2sp2s728	2
c2sp2s729	2
c2sp2s730	2
c2sp2s731	2
c2sp2s732	2
c2sp2s733	2
c2sp2s734	2
c2sp2s735	2
c2sp2s736	2
c2sp2s737	2
c2sp2s738	2
c2sp2s739	2
c2sp2s740	2
c2sp2s741	2
c2sp2s742	2
c2sp2s743	2
c2sp2s744	2
c2sp2s745	2
c2sp2s746	2
c2sp2s747	2
c2sp2s748	2
c2sp2s749	2
c2sp2s750	2
c2sp2s751	2
c2sp2s752	2
c2sp2s753	2
c2sp2s754	2
c2sp2s755	2
c2sp2s756	2
c2sp2s757	2
c2sp2s758	2
c2sp2s759	2
c2sp2s760	2
c2sp2s761	2
c2sp2s762	2
c2sp2s763	3
c2sp2s764	3
c2sp2s765	3
c2sp2s766	3
c2sp2s767	3
c2sp2s768	3
c2sp2s769	3
c2sp2s770	3
c2sp2s771	3
c2sp2s772	3
c2sp2s773	3
c2sp2s774	3
c2sp2s775	3
c2sp2s776	3
c2sp2s777	3
c2sp2s778	3
c2sp2s779	3
c2sp2s780	3
c2sp2s781	3
c2sp2s782	3
c2sp2s783	3
c2sp2s784	3
c2sp2s785	3
c2sp2s786	3
c2sp2s787	3
c2sp2s788	3
c2sp2s789	3
c2sp2s790	3
c2sp2s791	3
c2sp2s792	3
c2sp2s793	3
c2sp2s794	3
c2sp2s795	3
c2sp2s796	3
c2sp2s797	3
c2sp2s798	3
c2sp2s799	3
c2sp2s800	3
c2sp2s801	3
c2sp2s802	3
c2sp2s803	3
c2sp2s804	3
c2sp2s805	3
c2sp2s806	3
c2sp2s807	3
c2sp2s808	3
c2sp2s809	3
c2sp2s810	3
c2sp2s811	3
c2sp2s812	3
c2sp2s813	3
c2sp2s814	3
c2sp2s815	3
c2sp2s816	3
c2sp2s817	3
c2sp2s818	3
c2sp2s819	3
c2sp2s820	3
c2sp2s821	3
c2sp2s822	3
c2sp2s823	3
c2sp2s824	3
c2sp2s825	3
c2sp2s826	3
c2sp2s827	3
c2sp2s828	3
c2sp2s829	3
c2sp2s830	3
c2sp2s831	3
c2sp2s832	3
c2sp2s833	3
c2sp2s834	3
c2sp2s835	3
c2sp2s836	3
c2sp2s837	3
c2sp2s838	3
c2sp2s839	3
c2sp2s840	3
c2sp2s841	3
c2sp2s842	3
c2sp2s843	3
c2sp2s844	0
c2sp2s845	0
c2sp2s846	0
c2sp2s847	0
c2sp2s848	0
c2sp2s849	0
c2sp2s850	0
c2sp2s851	0
c2sp2s852	0
c2sp2s853	0
c2sp2s854	0
c2sp2s855	0
c2sp2s856	0
c2sp2s857	0
c2sp2s858	0
c2sp2s859	0
c2sp2s860	0
c2sp2s861	0
c2sp2s862	0
c2sp2s863	0
c2sp2s864	0
c2sp2s865	0
c2sp2s866	0
c2sp2s867	0
c2sp2s868	0
c2sp2s869	0
c2sp2s870	0
c2sp2s871	0
c2sp2s872	0
c2sp2s873	0
c2sp2s874	0
c2sp2s875	0
c2sp2s876	0
c2sp2s877	0
c2sp2s878	0
c2sp2s879	0
c2sp2s880	0
c2sp2s881	0
c2sp2s882	0
c2sp2s883	0
c2sp2s884	0
c2sp2s885	0
c2sp2s886	0
c2sp2s887	0
c2sp2s888	0
c2sp2s889	0
c2sp2s890	0
c2sp2s891	0
c2sp2s892	0
c2sp2s893	0
c2sp2s894	0
c2sp2s895	0
c2sp2s896	0
c2sp2s897	0
c2sp2s898	0
c2sp2s899	0
c2sp2s900	0
c2sp2s901	0
c2sp2s902	0
c2sp2s903	0
c2sp2s904	0
c2sp2s905	0
c2sp2s906	0
c2sp2s907	0
c2sp2s908	0
c2sp2s909	0
c2sp2s910	0
c2sp2s911	0
c2sp2s912	0
c2sp2s913	0
c2sp2s914	0
c2sp2s915	0
c2sp2s916	0
c2sp2s917	0
c2sp2s918	0
c2sp2s919	0
c2sp2s920	0
c2sp2s921	0
c2sp2s922	0
c2sp2s923	0
c2sp2s924	0
c2sp2s925	0
c2sp2s926	0
c2sp2s927	1
c2sp2s928	1
c2sp2s929	1
c2sp2s930	1
c2sp2s931	1
c2sp2s932	1
c2sp2s933	1
c2sp2s934	1
c2sp2s935	1
c2sp2s936	1
c2sp2s937	1
c2sp2s938	1
c2sp2s939	1
c2sp2s940	1
c2sp2s941	1
c2sp2s942	1
c2sp2s943	1
c2sp2s944	1
c2sp2s945	1
c2sp2s946	1
c2sp2s947	1
c2sp2s948	1
c2sp2s949	1
c2sp2s950	1
c2sp2s951	1
c2sp2s952	1
c2sp2s953	1
c2sp2s954	1
c2sp2s955	1
c2sp2s956	1
c2sp2s957	1
c2sp2s958	1
c2sp2s959	1
c2sp2s960	1
c2sp2s961	1
c2sp2s962	1
c2sp2s963	1
c2sp2s964	1
c2sp2s965	1
c2sp2s966	1
c2sp2s967	1
c2sp2s968	1
c2sp2s969	1
c2sp2s970	1
c2sp2s971	1
c2sp2s972	1
c2sp2s973	1
c2sp2s974	1
c2sp2s975	1
c2sp2s976	1
c2sp2s977	1
c2sp2s978	1
c2sp2s979	1
c2sp2s980	1
c2sp2s981	1
c2sp2s982	1
c2sp2s983	1
c2sp2s984	1
c2sp2s985	1
c2sp2s986	1
c2sp2s987	1
c2sp2s988	1
c2sp2s989	1
c2sp2s990	1
c2sp2s991	1
c2sp2s992	1
c2sp2s993	1
c2sp2s994	1
c2sp2s995	1
c2sp2s996	1
c2sp2s997	1
c2sp2s998	1
c2sp2s999	1
c2sp2s1000	1
